<?xml version="1.0" encoding="UTF-8"?>
<testng-results ignored="0" total="0" passed="0" failed="0" skipped="0">
  <reporter-output>
  </reporter-output>
  <suite started-at="2023-09-12T15:03:46 IST" name="Default suite" finished-at="2023-09-12T15:03:54 IST" duration-ms="8149">
    <groups>
    </groups>
    <test started-at="2023-09-12T15:03:46 IST" name="Default test" finished-at="2023-09-12T15:03:54 IST" duration-ms="8149">
      <class name="com.stepDefination.LoginTestCase">
        <test-method is-config="true" signature="open_the_url()[pri:0, instance:com.stepDefination.LoginTestCase@2eae8e6e]" started-at="2023-09-12T15:03:46 IST" name="open_the_url" finished-at="2023-09-12T15:03:54 IST" duration-ms="7973" status="PASS">
          <reporter-output>
          </reporter-output>
        </test-method> <!-- open_the_url -->
        <test-method is-config="true" signature="AfterTest()[pri:0, instance:com.stepDefination.LoginTestCase@2eae8e6e]" started-at="2023-09-12T15:03:54 IST" name="AfterTest" finished-at="2023-09-12T15:03:54 IST" duration-ms="142" status="PASS">
          <reporter-output>
          </reporter-output>
        </test-method> <!-- AfterTest -->
      </class> <!-- com.stepDefination.LoginTestCase -->
    </test> <!-- Default test -->
  </suite> <!-- Default suite -->
</testng-results>
